{"C:\\Users\\Work-School\\Budget-Discord\\auth\\validation.js": {"path":"C:\\Users\\Work-School\\Budget-Discord\\auth\\validation.js","statementMap":{"0":{"start":{"line":1,"column":12},"end":{"line":1,"column":32}},"1":{"start":{"line":3,"column":27},"end":{"line":10,"column":1}},"2":{"start":{"line":4,"column":19},"end":{"line":8,"column":6}},"3":{"start":{"line":9,"column":4},"end":{"line":9,"column":33}},"4":{"start":{"line":12,"column":24},"end":{"line":18,"column":1}},"5":{"start":{"line":13,"column":19},"end":{"line":16,"column":6}},"6":{"start":{"line":17,"column":4},"end":{"line":17,"column":33}},"7":{"start":{"line":20,"column":33},"end":{"line":27,"column":1}},"8":{"start":{"line":21,"column":19},"end":{"line":25,"column":6}},"9":{"start":{"line":26,"column":4},"end":{"line":26,"column":33}},"10":{"start":{"line":29,"column":29},"end":{"line":35,"column":1}},"11":{"start":{"line":30,"column":19},"end":{"line":33,"column":6}},"12":{"start":{"line":34,"column":4},"end":{"line":34,"column":33}},"13":{"start":{"line":37,"column":32},"end":{"line":42,"column":1}},"14":{"start":{"line":38,"column":19},"end":{"line":40,"column":6}},"15":{"start":{"line":41,"column":4},"end":{"line":41,"column":33}},"16":{"start":{"line":44,"column":0},"end":{"line":44,"column":55}},"17":{"start":{"line":45,"column":0},"end":{"line":45,"column":49}},"18":{"start":{"line":46,"column":0},"end":{"line":46,"column":67}},"19":{"start":{"line":47,"column":0},"end":{"line":47,"column":59}},"20":{"start":{"line":48,"column":0},"end":{"line":48,"column":65}}},"fnMap":{"0":{"name":"(anonymous_0)","decl":{"start":{"line":3,"column":27},"end":{"line":3,"column":28}},"loc":{"start":{"line":3,"column":37},"end":{"line":10,"column":1}},"line":3},"1":{"name":"(anonymous_1)","decl":{"start":{"line":12,"column":24},"end":{"line":12,"column":25}},"loc":{"start":{"line":12,"column":34},"end":{"line":18,"column":1}},"line":12},"2":{"name":"(anonymous_2)","decl":{"start":{"line":20,"column":33},"end":{"line":20,"column":34}},"loc":{"start":{"line":20,"column":43},"end":{"line":27,"column":1}},"line":20},"3":{"name":"(anonymous_3)","decl":{"start":{"line":29,"column":29},"end":{"line":29,"column":30}},"loc":{"start":{"line":29,"column":39},"end":{"line":35,"column":1}},"line":29},"4":{"name":"(anonymous_4)","decl":{"start":{"line":37,"column":32},"end":{"line":37,"column":33}},"loc":{"start":{"line":37,"column":42},"end":{"line":42,"column":1}},"line":37}},"branchMap":{},"s":{"0":1,"1":1,"2":1,"3":1,"4":1,"5":0,"6":0,"7":1,"8":0,"9":0,"10":1,"11":0,"12":0,"13":1,"14":1,"15":1,"16":1,"17":1,"18":1,"19":1,"20":1},"f":{"0":1,"1":0,"2":0,"3":0,"4":1},"b":{},"_coverageSchema":"1a1c01bbd47fc00a2c39e90264f33305004495a9","hash":"2bd82388d6ea3ee1b0ebe9245b59826ec8349d5a"}
,"C:\\Users\\Work-School\\Budget-Discord\\auth\\verifyToken.js": {"path":"C:\\Users\\Work-School\\Budget-Discord\\auth\\verifyToken.js","statementMap":{"0":{"start":{"line":1,"column":12},"end":{"line":1,"column":35}},"1":{"start":{"line":2,"column":13},"end":{"line":2,"column":38}},"2":{"start":{"line":8,"column":15},"end":{"line":35,"column":1}},"3":{"start":{"line":11,"column":16},"end":{"line":11,"column":43}},"4":{"start":{"line":12,"column":4},"end":{"line":12,"column":73}},"5":{"start":{"line":12,"column":36},"end":{"line":12,"column":73}},"6":{"start":{"line":15,"column":4},"end":{"line":34,"column":5}},"7":{"start":{"line":16,"column":8},"end":{"line":28,"column":11}},"8":{"start":{"line":17,"column":12},"end":{"line":27,"column":13}},"9":{"start":{"line":18,"column":16},"end":{"line":21,"column":19}},"10":{"start":{"line":23,"column":16},"end":{"line":26,"column":19}},"11":{"start":{"line":24,"column":20},"end":{"line":24,"column":35}},"12":{"start":{"line":25,"column":20},"end":{"line":25,"column":27}},"13":{"start":{"line":30,"column":8},"end":{"line":33,"column":11}},"14":{"start":{"line":37,"column":0},"end":{"line":37,"column":24}}},"fnMap":{"0":{"name":"(anonymous_0)","decl":{"start":{"line":8,"column":15},"end":{"line":8,"column":16}},"loc":{"start":{"line":8,"column":46},"end":{"line":35,"column":1}},"line":8},"1":{"name":"(anonymous_1)","decl":{"start":{"line":16,"column":63},"end":{"line":16,"column":64}},"loc":{"start":{"line":16,"column":76},"end":{"line":28,"column":9}},"line":16},"2":{"name":"(anonymous_2)","decl":{"start":{"line":23,"column":44},"end":{"line":23,"column":45}},"loc":{"start":{"line":23,"column":58},"end":{"line":26,"column":17}},"line":23}},"branchMap":{"0":{"loc":{"start":{"line":12,"column":4},"end":{"line":12,"column":73}},"type":"if","locations":[{"start":{"line":12,"column":4},"end":{"line":12,"column":73}},{"start":{"line":12,"column":4},"end":{"line":12,"column":73}}],"line":12},"1":{"loc":{"start":{"line":15,"column":4},"end":{"line":34,"column":5}},"type":"if","locations":[{"start":{"line":15,"column":4},"end":{"line":34,"column":5}},{"start":{"line":15,"column":4},"end":{"line":34,"column":5}}],"line":15},"2":{"loc":{"start":{"line":17,"column":12},"end":{"line":27,"column":13}},"type":"if","locations":[{"start":{"line":17,"column":12},"end":{"line":27,"column":13}},{"start":{"line":17,"column":12},"end":{"line":27,"column":13}}],"line":17}},"s":{"0":1,"1":1,"2":1,"3":2,"4":2,"5":0,"6":2,"7":2,"8":2,"9":0,"10":2,"11":2,"12":2,"13":0,"14":1},"f":{"0":2,"1":2,"2":2},"b":{"0":[0,2],"1":[2,0],"2":[0,2]},"_coverageSchema":"1a1c01bbd47fc00a2c39e90264f33305004495a9","hash":"7b58839ee9632809b74c65237438a0d32546a237"}
,"C:\\Users\\Work-School\\Budget-Discord\\models\\GroupServer.js": {"path":"C:\\Users\\Work-School\\Budget-Discord\\models\\GroupServer.js","statementMap":{"0":{"start":{"line":1,"column":17},"end":{"line":1,"column":36}},"1":{"start":{"line":2,"column":0},"end":{"line":2,"column":37}},"2":{"start":{"line":4,"column":26},"end":{"line":39,"column":4}},"3":{"start":{"line":41,"column":2},"end":{"line":41,"column":68}}},"fnMap":{},"branchMap":{},"s":{"0":1,"1":1,"2":1,"3":1},"f":{},"b":{},"_coverageSchema":"1a1c01bbd47fc00a2c39e90264f33305004495a9","hash":"6a4d413d6771bbad5000203f40356b299cb60193"}
,"C:\\Users\\Work-School\\Budget-Discord\\models\\Invite.js": {"path":"C:\\Users\\Work-School\\Budget-Discord\\models\\Invite.js","statementMap":{"0":{"start":{"line":1,"column":17},"end":{"line":1,"column":36}},"1":{"start":{"line":2,"column":0},"end":{"line":2,"column":37}},"2":{"start":{"line":4,"column":21},"end":{"line":24,"column":4}},"3":{"start":{"line":26,"column":2},"end":{"line":26,"column":58}}},"fnMap":{},"branchMap":{},"s":{"0":1,"1":1,"2":1,"3":1},"f":{},"b":{},"_coverageSchema":"1a1c01bbd47fc00a2c39e90264f33305004495a9","hash":"597524620a27625f991492a6522d045b751503e7"}
,"C:\\Users\\Work-School\\Budget-Discord\\models\\TextChannel.js": {"path":"C:\\Users\\Work-School\\Budget-Discord\\models\\TextChannel.js","statementMap":{"0":{"start":{"line":1,"column":17},"end":{"line":1,"column":36}},"1":{"start":{"line":2,"column":0},"end":{"line":2,"column":37}},"2":{"start":{"line":4,"column":26},"end":{"line":25,"column":2}},"3":{"start":{"line":27,"column":0},"end":{"line":27,"column":66}}},"fnMap":{},"branchMap":{},"s":{"0":1,"1":1,"2":1,"3":1},"f":{},"b":{},"_coverageSchema":"1a1c01bbd47fc00a2c39e90264f33305004495a9","hash":"b05208f96aab4d1d56c2913b0692deb2fa39cd73"}
,"C:\\Users\\Work-School\\Budget-Discord\\models\\User.js": {"path":"C:\\Users\\Work-School\\Budget-Discord\\models\\User.js","statementMap":{"0":{"start":{"line":1,"column":17},"end":{"line":1,"column":36}},"1":{"start":{"line":3,"column":17},"end":{"line":30,"column":2}},"2":{"start":{"line":32,"column":0},"end":{"line":32,"column":52}}},"fnMap":{},"branchMap":{},"s":{"0":1,"1":1,"2":1},"f":{},"b":{},"_coverageSchema":"1a1c01bbd47fc00a2c39e90264f33305004495a9","hash":"38bf7e97319a2cd6ef029a7ae44bbe3f7c0de434"}
,"C:\\Users\\Work-School\\Budget-Discord\\routes\\auth.js": {"path":"C:\\Users\\Work-School\\Budget-Discord\\routes\\auth.js","statementMap":{"0":{"start":{"line":1,"column":0},"end":{"line":1,"column":27}},"1":{"start":{"line":2,"column":13},"end":{"line":2,"column":38}},"2":{"start":{"line":3,"column":15},"end":{"line":3,"column":42}},"3":{"start":{"line":4,"column":121},"end":{"line":4,"column":150}},"4":{"start":{"line":5,"column":15},"end":{"line":5,"column":34}},"5":{"start":{"line":6,"column":12},"end":{"line":6,"column":35}},"6":{"start":{"line":7,"column":15},"end":{"line":7,"column":46}},"7":{"start":{"line":10,"column":12},"end":{"line":10,"column":32}},"8":{"start":{"line":12,"column":0},"end":{"line":15,"column":3}},"9":{"start":{"line":13,"column":4},"end":{"line":14,"column":81}},"10":{"start":{"line":13,"column":17},"end":{"line":13,"column":98}},"11":{"start":{"line":14,"column":9},"end":{"line":14,"column":81}},"12":{"start":{"line":17,"column":0},"end":{"line":53,"column":3}},"13":{"start":{"line":20,"column":20},"end":{"line":20,"column":48}},"14":{"start":{"line":21,"column":4},"end":{"line":21,"column":95}},"15":{"start":{"line":21,"column":14},"end":{"line":21,"column":95}},"16":{"start":{"line":24,"column":23},"end":{"line":24,"column":66}},"17":{"start":{"line":25,"column":4},"end":{"line":25,"column":98}},"18":{"start":{"line":25,"column":19},"end":{"line":25,"column":98}},"19":{"start":{"line":28,"column":17},"end":{"line":28,"column":41}},"20":{"start":{"line":29,"column":25},"end":{"line":29,"column":67}},"21":{"start":{"line":32,"column":4},"end":{"line":32,"column":59}},"22":{"start":{"line":35,"column":17},"end":{"line":40,"column":6}},"23":{"start":{"line":42,"column":4},"end":{"line":52,"column":5}},"24":{"start":{"line":43,"column":8},"end":{"line":43,"column":32}},"25":{"start":{"line":44,"column":24},"end":{"line":44,"column":41}},"26":{"start":{"line":45,"column":8},"end":{"line":45,"column":51}},"27":{"start":{"line":47,"column":22},"end":{"line":47,"column":87}},"28":{"start":{"line":48,"column":8},"end":{"line":48,"column":32}},"29":{"start":{"line":49,"column":8},"end":{"line":49,"column":96}},"30":{"start":{"line":51,"column":8},"end":{"line":51,"column":68}},"31":{"start":{"line":55,"column":0},"end":{"line":57,"column":2}},"32":{"start":{"line":56,"column":4},"end":{"line":56,"column":69}},"33":{"start":{"line":59,"column":0},"end":{"line":83,"column":3}},"34":{"start":{"line":62,"column":20},"end":{"line":62,"column":45}},"35":{"start":{"line":63,"column":4},"end":{"line":63,"column":95}},"36":{"start":{"line":63,"column":14},"end":{"line":63,"column":95}},"37":{"start":{"line":66,"column":17},"end":{"line":66,"column":60}},"38":{"start":{"line":67,"column":4},"end":{"line":67,"column":103}},"39":{"start":{"line":67,"column":14},"end":{"line":67,"column":103}},"40":{"start":{"line":70,"column":22},"end":{"line":70,"column":76}},"41":{"start":{"line":71,"column":4},"end":{"line":71,"column":108}},"42":{"start":{"line":71,"column":19},"end":{"line":71,"column":108}},"43":{"start":{"line":74,"column":18},"end":{"line":74,"column":93}},"44":{"start":{"line":75,"column":4},"end":{"line":82,"column":5}},"45":{"start":{"line":76,"column":22},"end":{"line":76,"column":43}},"46":{"start":{"line":77,"column":20},"end":{"line":77,"column":46}},"47":{"start":{"line":78,"column":8},"end":{"line":78,"column":41}},"48":{"start":{"line":79,"column":8},"end":{"line":79,"column":107}},"49":{"start":{"line":81,"column":8},"end":{"line":81,"column":83}},"50":{"start":{"line":85,"column":0},"end":{"line":106,"column":3}},"51":{"start":{"line":87,"column":20},"end":{"line":87,"column":54}},"52":{"start":{"line":88,"column":4},"end":{"line":88,"column":95}},"53":{"start":{"line":88,"column":14},"end":{"line":88,"column":95}},"54":{"start":{"line":91,"column":22},"end":{"line":91,"column":83}},"55":{"start":{"line":92,"column":4},"end":{"line":92,"column":103}},"56":{"start":{"line":92,"column":19},"end":{"line":92,"column":103}},"57":{"start":{"line":95,"column":4},"end":{"line":105,"column":5}},"58":{"start":{"line":96,"column":21},"end":{"line":96,"column":45}},"59":{"start":{"line":97,"column":29},"end":{"line":97,"column":71}},"60":{"start":{"line":98,"column":22},"end":{"line":98,"column":43}},"61":{"start":{"line":99,"column":20},"end":{"line":99,"column":56}},"62":{"start":{"line":100,"column":8},"end":{"line":100,"column":41}},"63":{"start":{"line":102,"column":8},"end":{"line":102,"column":73}},"64":{"start":{"line":104,"column":8},"end":{"line":104,"column":92}},"65":{"start":{"line":108,"column":0},"end":{"line":128,"column":3}},"66":{"start":{"line":110,"column":20},"end":{"line":110,"column":50}},"67":{"start":{"line":111,"column":4},"end":{"line":111,"column":95}},"68":{"start":{"line":111,"column":14},"end":{"line":111,"column":95}},"69":{"start":{"line":114,"column":22},"end":{"line":114,"column":80}},"70":{"start":{"line":115,"column":4},"end":{"line":115,"column":99}},"71":{"start":{"line":115,"column":19},"end":{"line":115,"column":99}},"72":{"start":{"line":118,"column":4},"end":{"line":127,"column":5}},"73":{"start":{"line":119,"column":8},"end":{"line":119,"column":63}},"74":{"start":{"line":120,"column":22},"end":{"line":120,"column":43}},"75":{"start":{"line":121,"column":20},"end":{"line":121,"column":74}},"76":{"start":{"line":122,"column":8},"end":{"line":122,"column":41}},"77":{"start":{"line":124,"column":8},"end":{"line":124,"column":73}},"78":{"start":{"line":126,"column":8},"end":{"line":126,"column":88}},"79":{"start":{"line":130,"column":0},"end":{"line":147,"column":3}},"80":{"start":{"line":132,"column":20},"end":{"line":132,"column":53}},"81":{"start":{"line":133,"column":4},"end":{"line":133,"column":95}},"82":{"start":{"line":133,"column":14},"end":{"line":133,"column":95}},"83":{"start":{"line":136,"column":22},"end":{"line":136,"column":80}},"84":{"start":{"line":137,"column":4},"end":{"line":137,"column":99}},"85":{"start":{"line":137,"column":19},"end":{"line":137,"column":99}},"86":{"start":{"line":139,"column":4},"end":{"line":146,"column":5}},"87":{"start":{"line":140,"column":22},"end":{"line":140,"column":43}},"88":{"start":{"line":141,"column":8},"end":{"line":141,"column":36}},"89":{"start":{"line":143,"column":8},"end":{"line":143,"column":73}},"90":{"start":{"line":145,"column":8},"end":{"line":145,"column":91}},"91":{"start":{"line":150,"column":19},"end":{"line":150,"column":63}},"92":{"start":{"line":151,"column":24},"end":{"line":151,"column":53}},"93":{"start":{"line":152,"column":4},"end":{"line":152,"column":149}},"94":{"start":{"line":152,"column":37},"end":{"line":152,"column":149}},"95":{"start":{"line":153,"column":12},"end":{"line":153,"column":13}},"96":{"start":{"line":154,"column":4},"end":{"line":157,"column":5}},"97":{"start":{"line":155,"column":8},"end":{"line":155,"column":24}},"98":{"start":{"line":156,"column":8},"end":{"line":156,"column":63}},"99":{"start":{"line":158,"column":4},"end":{"line":158,"column":20}},"100":{"start":{"line":162,"column":16},"end":{"line":162,"column":17}},"101":{"start":{"line":163,"column":14},"end":{"line":163,"column":28}},"102":{"start":{"line":165,"column":4},"end":{"line":171,"column":5}},"103":{"start":{"line":166,"column":18},"end":{"line":166,"column":47}},"104":{"start":{"line":168,"column":8},"end":{"line":170,"column":27}},"105":{"start":{"line":168,"column":28},"end":{"line":168,"column":40}},"106":{"start":{"line":169,"column":13},"end":{"line":170,"column":27}},"107":{"start":{"line":169,"column":33},"end":{"line":169,"column":49}},"108":{"start":{"line":170,"column":13},"end":{"line":170,"column":27}},"109":{"start":{"line":173,"column":4},"end":{"line":173,"column":17}},"110":{"start":{"line":176,"column":0},"end":{"line":176,"column":24}}},"fnMap":{"0":{"name":"(anonymous_0)","decl":{"start":{"line":12,"column":30},"end":{"line":12,"column":31}},"loc":{"start":{"line":12,"column":44},"end":{"line":15,"column":1}},"line":12},"1":{"name":"(anonymous_1)","decl":{"start":{"line":17,"column":25},"end":{"line":17,"column":26}},"loc":{"start":{"line":17,"column":45},"end":{"line":53,"column":1}},"line":17},"2":{"name":"(anonymous_2)","decl":{"start":{"line":55,"column":33},"end":{"line":55,"column":34}},"loc":{"start":{"line":55,"column":52},"end":{"line":57,"column":1}},"line":55},"3":{"name":"(anonymous_3)","decl":{"start":{"line":59,"column":22},"end":{"line":59,"column":23}},"loc":{"start":{"line":59,"column":41},"end":{"line":83,"column":1}},"line":59},"4":{"name":"(anonymous_4)","decl":{"start":{"line":85,"column":41},"end":{"line":85,"column":42}},"loc":{"start":{"line":85,"column":61},"end":{"line":106,"column":1}},"line":85},"5":{"name":"(anonymous_5)","decl":{"start":{"line":108,"column":37},"end":{"line":108,"column":38}},"loc":{"start":{"line":108,"column":57},"end":{"line":128,"column":1}},"line":108},"6":{"name":"(anonymous_6)","decl":{"start":{"line":130,"column":41},"end":{"line":130,"column":42}},"loc":{"start":{"line":130,"column":61},"end":{"line":147,"column":1}},"line":130},"7":{"name":"generateRandomNumberID","decl":{"start":{"line":149,"column":15},"end":{"line":149,"column":37}},"loc":{"start":{"line":149,"column":43},"end":{"line":159,"column":1}},"line":149},"8":{"name":"binarySearch","decl":{"start":{"line":161,"column":9},"end":{"line":161,"column":21}},"loc":{"start":{"line":161,"column":31},"end":{"line":174,"column":1}},"line":161}},"branchMap":{"0":{"loc":{"start":{"line":13,"column":4},"end":{"line":14,"column":81}},"type":"if","locations":[{"start":{"line":13,"column":4},"end":{"line":14,"column":81}},{"start":{"line":13,"column":4},"end":{"line":14,"column":81}}],"line":13},"1":{"loc":{"start":{"line":21,"column":4},"end":{"line":21,"column":95}},"type":"if","locations":[{"start":{"line":21,"column":4},"end":{"line":21,"column":95}},{"start":{"line":21,"column":4},"end":{"line":21,"column":95}}],"line":21},"2":{"loc":{"start":{"line":25,"column":4},"end":{"line":25,"column":98}},"type":"if","locations":[{"start":{"line":25,"column":4},"end":{"line":25,"column":98}},{"start":{"line":25,"column":4},"end":{"line":25,"column":98}}],"line":25},"3":{"loc":{"start":{"line":63,"column":4},"end":{"line":63,"column":95}},"type":"if","locations":[{"start":{"line":63,"column":4},"end":{"line":63,"column":95}},{"start":{"line":63,"column":4},"end":{"line":63,"column":95}}],"line":63},"4":{"loc":{"start":{"line":67,"column":4},"end":{"line":67,"column":103}},"type":"if","locations":[{"start":{"line":67,"column":4},"end":{"line":67,"column":103}},{"start":{"line":67,"column":4},"end":{"line":67,"column":103}}],"line":67},"5":{"loc":{"start":{"line":71,"column":4},"end":{"line":71,"column":108}},"type":"if","locations":[{"start":{"line":71,"column":4},"end":{"line":71,"column":108}},{"start":{"line":71,"column":4},"end":{"line":71,"column":108}}],"line":71},"6":{"loc":{"start":{"line":88,"column":4},"end":{"line":88,"column":95}},"type":"if","locations":[{"start":{"line":88,"column":4},"end":{"line":88,"column":95}},{"start":{"line":88,"column":4},"end":{"line":88,"column":95}}],"line":88},"7":{"loc":{"start":{"line":92,"column":4},"end":{"line":92,"column":103}},"type":"if","locations":[{"start":{"line":92,"column":4},"end":{"line":92,"column":103}},{"start":{"line":92,"column":4},"end":{"line":92,"column":103}}],"line":92},"8":{"loc":{"start":{"line":111,"column":4},"end":{"line":111,"column":95}},"type":"if","locations":[{"start":{"line":111,"column":4},"end":{"line":111,"column":95}},{"start":{"line":111,"column":4},"end":{"line":111,"column":95}}],"line":111},"9":{"loc":{"start":{"line":115,"column":4},"end":{"line":115,"column":99}},"type":"if","locations":[{"start":{"line":115,"column":4},"end":{"line":115,"column":99}},{"start":{"line":115,"column":4},"end":{"line":115,"column":99}}],"line":115},"10":{"loc":{"start":{"line":133,"column":4},"end":{"line":133,"column":95}},"type":"if","locations":[{"start":{"line":133,"column":4},"end":{"line":133,"column":95}},{"start":{"line":133,"column":4},"end":{"line":133,"column":95}}],"line":133},"11":{"loc":{"start":{"line":137,"column":4},"end":{"line":137,"column":99}},"type":"if","locations":[{"start":{"line":137,"column":4},"end":{"line":137,"column":99}},{"start":{"line":137,"column":4},"end":{"line":137,"column":99}}],"line":137},"12":{"loc":{"start":{"line":152,"column":4},"end":{"line":152,"column":149}},"type":"if","locations":[{"start":{"line":152,"column":4},"end":{"line":152,"column":149}},{"start":{"line":152,"column":4},"end":{"line":152,"column":149}}],"line":152},"13":{"loc":{"start":{"line":156,"column":19},"end":{"line":156,"column":62}},"type":"cond-expr","locations":[{"start":{"line":156,"column":36},"end":{"line":156,"column":44}},{"start":{"line":156,"column":47},"end":{"line":156,"column":62}}],"line":156},"14":{"loc":{"start":{"line":168,"column":8},"end":{"line":170,"column":27}},"type":"if","locations":[{"start":{"line":168,"column":8},"end":{"line":170,"column":27}},{"start":{"line":168,"column":8},"end":{"line":170,"column":27}}],"line":168},"15":{"loc":{"start":{"line":169,"column":13},"end":{"line":170,"column":27}},"type":"if","locations":[{"start":{"line":169,"column":13},"end":{"line":170,"column":27}},{"start":{"line":169,"column":13},"end":{"line":170,"column":27}}],"line":169}},"s":{"0":1,"1":1,"2":1,"3":1,"4":1,"5":1,"6":1,"7":1,"8":1,"9":1,"10":1,"11":0,"12":1,"13":1,"14":1,"15":0,"16":1,"17":1,"18":0,"19":1,"20":1,"21":1,"22":1,"23":1,"24":1,"25":1,"26":1,"27":1,"28":1,"29":1,"30":0,"31":1,"32":0,"33":1,"34":0,"35":0,"36":0,"37":0,"38":0,"39":0,"40":0,"41":0,"42":0,"43":0,"44":0,"45":0,"46":0,"47":0,"48":0,"49":0,"50":1,"51":0,"52":0,"53":0,"54":0,"55":0,"56":0,"57":0,"58":0,"59":0,"60":0,"61":0,"62":0,"63":0,"64":0,"65":1,"66":0,"67":0,"68":0,"69":0,"70":0,"71":0,"72":0,"73":0,"74":0,"75":0,"76":0,"77":0,"78":0,"79":1,"80":1,"81":1,"82":0,"83":1,"84":1,"85":0,"86":1,"87":1,"88":1,"89":1,"90":0,"91":1,"92":1,"93":1,"94":0,"95":1,"96":1,"97":0,"98":0,"99":1,"100":1,"101":1,"102":1,"103":0,"104":0,"105":0,"106":0,"107":0,"108":0,"109":1,"110":1},"f":{"0":1,"1":1,"2":0,"3":0,"4":0,"5":0,"6":1,"7":1,"8":1},"b":{"0":[1,0],"1":[0,1],"2":[0,1],"3":[0,0],"4":[0,0],"5":[0,0],"6":[0,0],"7":[0,0],"8":[0,0],"9":[0,0],"10":[0,1],"11":[0,1],"12":[0,1],"13":[0,0],"14":[0,0],"15":[0,0]},"_coverageSchema":"1a1c01bbd47fc00a2c39e90264f33305004495a9","hash":"b3c797da52c2e6d254c960a2e30dc2545bcaaa57"}
,"C:\\Users\\Work-School\\Budget-Discord\\routes\\friends.js": {"path":"C:\\Users\\Work-School\\Budget-Discord\\routes\\friends.js","statementMap":{"0":{"start":{"line":1,"column":13},"end":{"line":1,"column":38}},"1":{"start":{"line":2,"column":15},"end":{"line":2,"column":42}},"2":{"start":{"line":3,"column":15},"end":{"line":3,"column":46}},"3":{"start":{"line":5,"column":0},"end":{"line":17,"column":3}},"4":{"start":{"line":6,"column":2},"end":{"line":10,"column":3}},"5":{"start":{"line":7,"column":17},"end":{"line":7,"column":110}},"6":{"start":{"line":8,"column":4},"end":{"line":9,"column":153}},"7":{"start":{"line":8,"column":14},"end":{"line":8,"column":104}},"8":{"start":{"line":9,"column":9},"end":{"line":9,"column":153}},"9":{"start":{"line":11,"column":16},"end":{"line":11,"column":60}},"10":{"start":{"line":12,"column":2},"end":{"line":12,"column":116}},"11":{"start":{"line":12,"column":24},"end":{"line":12,"column":116}},"12":{"start":{"line":13,"column":2},"end":{"line":16,"column":5}},"13":{"start":{"line":14,"column":24},"end":{"line":14,"column":121}},"14":{"start":{"line":15,"column":25},"end":{"line":15,"column":98}},"15":{"start":{"line":19,"column":0},"end":{"line":47,"column":3}},"16":{"start":{"line":20,"column":17},"end":{"line":20,"column":63}},"17":{"start":{"line":21,"column":2},"end":{"line":21,"column":93}},"18":{"start":{"line":21,"column":14},"end":{"line":21,"column":93}},"19":{"start":{"line":23,"column":2},"end":{"line":23,"column":168}},"20":{"start":{"line":23,"column":92},"end":{"line":23,"column":168}},"21":{"start":{"line":25,"column":2},"end":{"line":25,"column":139}},"22":{"start":{"line":25,"column":51},"end":{"line":25,"column":139}},"23":{"start":{"line":26,"column":2},"end":{"line":35,"column":3}},"24":{"start":{"line":27,"column":4},"end":{"line":34,"column":5}},"25":{"start":{"line":28,"column":6},"end":{"line":28,"column":49}},"26":{"start":{"line":30,"column":6},"end":{"line":30,"column":73}},"27":{"start":{"line":33,"column":6},"end":{"line":33,"column":98}},"28":{"start":{"line":37,"column":2},"end":{"line":46,"column":3}},"29":{"start":{"line":38,"column":18},"end":{"line":38,"column":44}},"30":{"start":{"line":39,"column":16},"end":{"line":39,"column":58}},"31":{"start":{"line":40,"column":4},"end":{"line":40,"column":37}},"32":{"start":{"line":42,"column":4},"end":{"line":42,"column":81}},"33":{"start":{"line":45,"column":4},"end":{"line":45,"column":92}},"34":{"start":{"line":49,"column":0},"end":{"line":64,"column":2}},"35":{"start":{"line":50,"column":17},"end":{"line":50,"column":61}},"36":{"start":{"line":51,"column":2},"end":{"line":51,"column":92}},"37":{"start":{"line":51,"column":14},"end":{"line":51,"column":92}},"38":{"start":{"line":53,"column":2},"end":{"line":54,"column":76}},"39":{"start":{"line":54,"column":2},"end":{"line":54,"column":76}},"40":{"start":{"line":56,"column":2},"end":{"line":63,"column":3}},"41":{"start":{"line":57,"column":4},"end":{"line":57,"column":47}},"42":{"start":{"line":59,"column":4},"end":{"line":59,"column":69}},"43":{"start":{"line":62,"column":4},"end":{"line":62,"column":94}},"44":{"start":{"line":66,"column":0},"end":{"line":74,"column":2}},"45":{"start":{"line":67,"column":27},"end":{"line":69,"column":5}},"46":{"start":{"line":68,"column":4},"end":{"line":68,"column":46}},"47":{"start":{"line":71,"column":2},"end":{"line":73,"column":7}},"48":{"start":{"line":72,"column":4},"end":{"line":72,"column":95}},"49":{"start":{"line":76,"column":0},"end":{"line":84,"column":2}},"50":{"start":{"line":77,"column":16},"end":{"line":79,"column":5}},"51":{"start":{"line":78,"column":4},"end":{"line":78,"column":46}},"52":{"start":{"line":81,"column":2},"end":{"line":83,"column":7}},"53":{"start":{"line":82,"column":4},"end":{"line":82,"column":86}},"54":{"start":{"line":86,"column":0},"end":{"line":104,"column":2}},"55":{"start":{"line":87,"column":17},"end":{"line":87,"column":63}},"56":{"start":{"line":88,"column":2},"end":{"line":88,"column":95}},"57":{"start":{"line":88,"column":14},"end":{"line":88,"column":95}},"58":{"start":{"line":90,"column":2},"end":{"line":103,"column":3}},"59":{"start":{"line":91,"column":22},"end":{"line":91,"column":42}},"60":{"start":{"line":92,"column":20},"end":{"line":92,"column":61}},"61":{"start":{"line":94,"column":24},"end":{"line":94,"column":50}},"62":{"start":{"line":95,"column":22},"end":{"line":95,"column":57}},"63":{"start":{"line":97,"column":4},"end":{"line":97,"column":45}},"64":{"start":{"line":98,"column":4},"end":{"line":98,"column":49}},"65":{"start":{"line":100,"column":4},"end":{"line":100,"column":69}},"66":{"start":{"line":102,"column":4},"end":{"line":102,"column":86}},"67":{"start":{"line":107,"column":20},"end":{"line":107,"column":35}},"68":{"start":{"line":108,"column":22},"end":{"line":108,"column":55}},"69":{"start":{"line":109,"column":22},"end":{"line":109,"column":62}},"70":{"start":{"line":111,"column":22},"end":{"line":111,"column":40}},"71":{"start":{"line":112,"column":20},"end":{"line":112,"column":50}},"72":{"start":{"line":114,"column":2},"end":{"line":114,"column":47}},"73":{"start":{"line":115,"column":2},"end":{"line":115,"column":47}},"74":{"start":{"line":116,"column":2},"end":{"line":116,"column":47}},"75":{"start":{"line":119,"column":0},"end":{"line":119,"column":24}}},"fnMap":{"0":{"name":"(anonymous_0)","decl":{"start":{"line":5,"column":35},"end":{"line":5,"column":36}},"loc":{"start":{"line":5,"column":55},"end":{"line":17,"column":1}},"line":5},"1":{"name":"(anonymous_1)","decl":{"start":{"line":14,"column":14},"end":{"line":14,"column":15}},"loc":{"start":{"line":14,"column":24},"end":{"line":14,"column":121}},"line":14},"2":{"name":"(anonymous_2)","decl":{"start":{"line":15,"column":11},"end":{"line":15,"column":12}},"loc":{"start":{"line":15,"column":23},"end":{"line":15,"column":100}},"line":15},"3":{"name":"(anonymous_3)","decl":{"start":{"line":19,"column":44},"end":{"line":19,"column":45}},"loc":{"start":{"line":19,"column":64},"end":{"line":47,"column":1}},"line":19},"4":{"name":"(anonymous_4)","decl":{"start":{"line":49,"column":46},"end":{"line":49,"column":47}},"loc":{"start":{"line":49,"column":66},"end":{"line":64,"column":1}},"line":49},"5":{"name":"(anonymous_5)","decl":{"start":{"line":66,"column":43},"end":{"line":66,"column":44}},"loc":{"start":{"line":66,"column":63},"end":{"line":74,"column":1}},"line":66},"6":{"name":"(anonymous_6)","decl":{"start":{"line":67,"column":73},"end":{"line":67,"column":74}},"loc":{"start":{"line":67,"column":93},"end":{"line":69,"column":3}},"line":67},"7":{"name":"(anonymous_7)","decl":{"start":{"line":71,"column":106},"end":{"line":71,"column":107}},"loc":{"start":{"line":71,"column":121},"end":{"line":73,"column":3}},"line":71},"8":{"name":"(anonymous_8)","decl":{"start":{"line":76,"column":35},"end":{"line":76,"column":36}},"loc":{"start":{"line":76,"column":55},"end":{"line":84,"column":1}},"line":76},"9":{"name":"(anonymous_9)","decl":{"start":{"line":77,"column":55},"end":{"line":77,"column":56}},"loc":{"start":{"line":77,"column":75},"end":{"line":79,"column":3}},"line":77},"10":{"name":"(anonymous_10)","decl":{"start":{"line":81,"column":88},"end":{"line":81,"column":89}},"loc":{"start":{"line":81,"column":100},"end":{"line":83,"column":3}},"line":81},"11":{"name":"(anonymous_11)","decl":{"start":{"line":86,"column":40},"end":{"line":86,"column":41}},"loc":{"start":{"line":86,"column":60},"end":{"line":104,"column":1}},"line":86},"12":{"name":"addFriend","decl":{"start":{"line":106,"column":15},"end":{"line":106,"column":24}},"loc":{"start":{"line":106,"column":44},"end":{"line":117,"column":1}},"line":106}},"branchMap":{"0":{"loc":{"start":{"line":6,"column":2},"end":{"line":10,"column":3}},"type":"if","locations":[{"start":{"line":6,"column":2},"end":{"line":10,"column":3}},{"start":{"line":6,"column":2},"end":{"line":10,"column":3}}],"line":6},"1":{"loc":{"start":{"line":8,"column":4},"end":{"line":9,"column":153}},"type":"if","locations":[{"start":{"line":8,"column":4},"end":{"line":9,"column":153}},{"start":{"line":8,"column":4},"end":{"line":9,"column":153}}],"line":8},"2":{"loc":{"start":{"line":12,"column":2},"end":{"line":12,"column":116}},"type":"if","locations":[{"start":{"line":12,"column":2},"end":{"line":12,"column":116}},{"start":{"line":12,"column":2},"end":{"line":12,"column":116}}],"line":12},"3":{"loc":{"start":{"line":14,"column":24},"end":{"line":14,"column":121}},"type":"binary-expr","locations":[{"start":{"line":14,"column":24},"end":{"line":14,"column":81}},{"start":{"line":14,"column":85},"end":{"line":14,"column":121}}],"line":14},"4":{"loc":{"start":{"line":21,"column":2},"end":{"line":21,"column":93}},"type":"if","locations":[{"start":{"line":21,"column":2},"end":{"line":21,"column":93}},{"start":{"line":21,"column":2},"end":{"line":21,"column":93}}],"line":21},"5":{"loc":{"start":{"line":23,"column":2},"end":{"line":23,"column":168}},"type":"if","locations":[{"start":{"line":23,"column":2},"end":{"line":23,"column":168}},{"start":{"line":23,"column":2},"end":{"line":23,"column":168}}],"line":23},"6":{"loc":{"start":{"line":23,"column":5},"end":{"line":23,"column":90}},"type":"binary-expr","locations":[{"start":{"line":23,"column":5},"end":{"line":23,"column":42}},{"start":{"line":23,"column":46},"end":{"line":23,"column":90}}],"line":23},"7":{"loc":{"start":{"line":25,"column":2},"end":{"line":25,"column":139}},"type":"if","locations":[{"start":{"line":25,"column":2},"end":{"line":25,"column":139}},{"start":{"line":25,"column":2},"end":{"line":25,"column":139}}],"line":25},"8":{"loc":{"start":{"line":26,"column":2},"end":{"line":35,"column":3}},"type":"if","locations":[{"start":{"line":26,"column":2},"end":{"line":35,"column":3}},{"start":{"line":26,"column":2},"end":{"line":35,"column":3}}],"line":26},"9":{"loc":{"start":{"line":51,"column":2},"end":{"line":51,"column":92}},"type":"if","locations":[{"start":{"line":51,"column":2},"end":{"line":51,"column":92}},{"start":{"line":51,"column":2},"end":{"line":51,"column":92}}],"line":51},"10":{"loc":{"start":{"line":53,"column":2},"end":{"line":54,"column":76}},"type":"if","locations":[{"start":{"line":53,"column":2},"end":{"line":54,"column":76}},{"start":{"line":53,"column":2},"end":{"line":54,"column":76}}],"line":53},"11":{"loc":{"start":{"line":53,"column":5},"end":{"line":53,"column":90}},"type":"binary-expr","locations":[{"start":{"line":53,"column":5},"end":{"line":53,"column":49}},{"start":{"line":53,"column":53},"end":{"line":53,"column":90}}],"line":53},"12":{"loc":{"start":{"line":88,"column":2},"end":{"line":88,"column":95}},"type":"if","locations":[{"start":{"line":88,"column":2},"end":{"line":88,"column":95}},{"start":{"line":88,"column":2},"end":{"line":88,"column":95}}],"line":88}},"s":{"0":1,"1":1,"2":1,"3":1,"4":0,"5":0,"6":0,"7":0,"8":0,"9":0,"10":0,"11":0,"12":0,"13":0,"14":0,"15":1,"16":0,"17":0,"18":0,"19":0,"20":0,"21":0,"22":0,"23":0,"24":0,"25":0,"26":0,"27":0,"28":0,"29":0,"30":0,"31":0,"32":0,"33":0,"34":1,"35":0,"36":0,"37":0,"38":0,"39":0,"40":0,"41":0,"42":0,"43":0,"44":1,"45":0,"46":0,"47":0,"48":0,"49":1,"50":0,"51":0,"52":0,"53":0,"54":1,"55":0,"56":0,"57":0,"58":0,"59":0,"60":0,"61":0,"62":0,"63":0,"64":0,"65":0,"66":0,"67":0,"68":0,"69":0,"70":0,"71":0,"72":0,"73":0,"74":0,"75":1},"f":{"0":0,"1":0,"2":0,"3":0,"4":0,"5":0,"6":0,"7":0,"8":0,"9":0,"10":0,"11":0,"12":0},"b":{"0":[0,0],"1":[0,0],"2":[0,0],"3":[0,0],"4":[0,0],"5":[0,0],"6":[0,0],"7":[0,0],"8":[0,0],"9":[0,0],"10":[0,0],"11":[0,0],"12":[0,0]},"_coverageSchema":"1a1c01bbd47fc00a2c39e90264f33305004495a9","hash":"119c5adf7f7075f0e2cdcdd45da01bcd1e3f1156"}
,"C:\\Users\\Work-School\\Budget-Discord\\routes\\groupServer.js": {"path":"C:\\Users\\Work-School\\Budget-Discord\\routes\\groupServer.js","statementMap":{"0":{"start":{"line":1,"column":13},"end":{"line":1,"column":38}},"1":{"start":{"line":2,"column":20},"end":{"line":2,"column":55}},"2":{"start":{"line":3,"column":20},"end":{"line":3,"column":55}},"3":{"start":{"line":4,"column":15},"end":{"line":4,"column":42}},"4":{"start":{"line":5,"column":15},"end":{"line":5,"column":42}},"5":{"start":{"line":6,"column":15},"end":{"line":6,"column":45}},"6":{"start":{"line":14,"column":4},"end":{"line":21,"column":5}},"7":{"start":{"line":15,"column":8},"end":{"line":16,"column":65}},"8":{"start":{"line":19,"column":8},"end":{"line":20,"column":78}},"9":{"start":{"line":23,"column":4},"end":{"line":35,"column":5}},"10":{"start":{"line":24,"column":8},"end":{"line":24,"column":66}},"11":{"start":{"line":25,"column":21},"end":{"line":31,"column":10}},"12":{"start":{"line":32,"column":8},"end":{"line":32,"column":22}},"13":{"start":{"line":34,"column":8},"end":{"line":34,"column":17}},"14":{"start":{"line":38,"column":0},"end":{"line":89,"column":3}},"15":{"start":{"line":39,"column":4},"end":{"line":88,"column":81}},"16":{"start":{"line":42,"column":8},"end":{"line":86,"column":11}},"17":{"start":{"line":50,"column":12},"end":{"line":85,"column":123}},"18":{"start":{"line":51,"column":16},"end":{"line":51,"column":40}},"19":{"start":{"line":52,"column":16},"end":{"line":52,"column":69}},"20":{"start":{"line":54,"column":17},"end":{"line":85,"column":123}},"21":{"start":{"line":55,"column":16},"end":{"line":66,"column":17}},"22":{"start":{"line":56,"column":40},"end":{"line":61,"column":22}},"23":{"start":{"line":62,"column":20},"end":{"line":62,"column":117}},"24":{"start":{"line":64,"column":20},"end":{"line":64,"column":130}},"25":{"start":{"line":65,"column":20},"end":{"line":65,"column":27}},"26":{"start":{"line":67,"column":16},"end":{"line":83,"column":19}},"27":{"start":{"line":71,"column":20},"end":{"line":82,"column":122}},"28":{"start":{"line":72,"column":24},"end":{"line":72,"column":48}},"29":{"start":{"line":73,"column":24},"end":{"line":73,"column":77}},"30":{"start":{"line":75,"column":25},"end":{"line":82,"column":122}},"31":{"start":{"line":76,"column":39},"end":{"line":79,"column":25}},"32":{"start":{"line":80,"column":24},"end":{"line":80,"column":98}},"33":{"start":{"line":82,"column":25},"end":{"line":82,"column":122}},"34":{"start":{"line":85,"column":17},"end":{"line":85,"column":123}},"35":{"start":{"line":88,"column":9},"end":{"line":88,"column":81}},"36":{"start":{"line":91,"column":0},"end":{"line":124,"column":3}},"37":{"start":{"line":92,"column":4},"end":{"line":123,"column":81}},"38":{"start":{"line":96,"column":8},"end":{"line":121,"column":9}},"39":{"start":{"line":97,"column":30},"end":{"line":97,"column":80}},"40":{"start":{"line":98,"column":29},"end":{"line":98,"column":65}},"41":{"start":{"line":99,"column":12},"end":{"line":106,"column":13}},"42":{"start":{"line":100,"column":16},"end":{"line":105,"column":19}},"43":{"start":{"line":101,"column":20},"end":{"line":104,"column":21}},"44":{"start":{"line":102,"column":24},"end":{"line":102,"column":42}},"45":{"start":{"line":103,"column":24},"end":{"line":103,"column":31}},"46":{"start":{"line":107,"column":12},"end":{"line":117,"column":115}},"47":{"start":{"line":108,"column":36},"end":{"line":113,"column":18}},"48":{"start":{"line":114,"column":16},"end":{"line":114,"column":148}},"49":{"start":{"line":115,"column":16},"end":{"line":115,"column":101}},"50":{"start":{"line":117,"column":17},"end":{"line":117,"column":115}},"51":{"start":{"line":119,"column":12},"end":{"line":119,"column":34}},"52":{"start":{"line":120,"column":12},"end":{"line":120,"column":93}},"53":{"start":{"line":123,"column":9},"end":{"line":123,"column":81}},"54":{"start":{"line":126,"column":0},"end":{"line":158,"column":3}},"55":{"start":{"line":127,"column":4},"end":{"line":157,"column":110}},"56":{"start":{"line":130,"column":8},"end":{"line":155,"column":11}},"57":{"start":{"line":131,"column":12},"end":{"line":154,"column":99}},"58":{"start":{"line":132,"column":16},"end":{"line":132,"column":40}},"59":{"start":{"line":133,"column":16},"end":{"line":133,"column":69}},"60":{"start":{"line":135,"column":17},"end":{"line":154,"column":99}},"61":{"start":{"line":136,"column":29},"end":{"line":136,"column":31}},"62":{"start":{"line":137,"column":35},"end":{"line":140,"column":17}},"63":{"start":{"line":141,"column":16},"end":{"line":150,"column":17}},"64":{"start":{"line":142,"column":20},"end":{"line":142,"column":44}},"65":{"start":{"line":143,"column":21},"end":{"line":150,"column":17}},"66":{"start":{"line":144,"column":20},"end":{"line":149,"column":23}},"67":{"start":{"line":145,"column":24},"end":{"line":148,"column":25}},"68":{"start":{"line":146,"column":28},"end":{"line":146,"column":52}},"69":{"start":{"line":147,"column":28},"end":{"line":147,"column":35}},"70":{"start":{"line":151,"column":16},"end":{"line":151,"column":53}},"71":{"start":{"line":152,"column":16},"end":{"line":152,"column":90}},"72":{"start":{"line":154,"column":17},"end":{"line":154,"column":99}},"73":{"start":{"line":157,"column":9},"end":{"line":157,"column":110}},"74":{"start":{"line":163,"column":0},"end":{"line":245,"column":3}},"75":{"start":{"line":164,"column":4},"end":{"line":244,"column":81}},"76":{"start":{"line":165,"column":28},"end":{"line":165,"column":30}},"77":{"start":{"line":166,"column":27},"end":{"line":166,"column":29}},"78":{"start":{"line":167,"column":26},"end":{"line":167,"column":28}},"79":{"start":{"line":168,"column":8},"end":{"line":242,"column":11}},"80":{"start":{"line":169,"column":12},"end":{"line":241,"column":15}},"81":{"start":{"line":170,"column":16},"end":{"line":170,"column":40}},"82":{"start":{"line":171,"column":16},"end":{"line":171,"column":69}},"83":{"start":{"line":173,"column":17},"end":{"line":241,"column":15}},"84":{"start":{"line":174,"column":32},"end":{"line":224,"column":18}},"85":{"start":{"line":175,"column":20},"end":{"line":223,"column":23}},"86":{"start":{"line":176,"column":43},"end":{"line":181,"column":25}},"87":{"start":{"line":182,"column":24},"end":{"line":189,"column":25}},"88":{"start":{"line":183,"column":28},"end":{"line":188,"column":31}},"89":{"start":{"line":184,"column":32},"end":{"line":187,"column":33}},"90":{"start":{"line":185,"column":36},"end":{"line":185,"column":60}},"91":{"start":{"line":186,"column":36},"end":{"line":186,"column":43}},"92":{"start":{"line":190,"column":24},"end":{"line":190,"column":68}},"93":{"start":{"line":192,"column":24},"end":{"line":211,"column":25}},"94":{"start":{"line":193,"column":28},"end":{"line":210,"column":31}},"95":{"start":{"line":194,"column":32},"end":{"line":209,"column":33}},"96":{"start":{"line":195,"column":36},"end":{"line":195,"column":60}},"97":{"start":{"line":196,"column":36},"end":{"line":196,"column":89}},"98":{"start":{"line":197,"column":36},"end":{"line":197,"column":45}},"99":{"start":{"line":199,"column":37},"end":{"line":209,"column":33}},"100":{"start":{"line":200,"column":36},"end":{"line":208,"column":39}},"101":{"start":{"line":201,"column":59},"end":{"line":206,"column":41}},"102":{"start":{"line":207,"column":40},"end":{"line":207,"column":83}},"103":{"start":{"line":212,"column":24},"end":{"line":221,"column":25}},"104":{"start":{"line":213,"column":44},"end":{"line":213,"column":100}},"105":{"start":{"line":214,"column":28},"end":{"line":220,"column":29}},"106":{"start":{"line":215,"column":32},"end":{"line":215,"column":98}},"107":{"start":{"line":215,"column":54},"end":{"line":215,"column":98}},"108":{"start":{"line":218,"column":32},"end":{"line":218,"column":90}},"109":{"start":{"line":219,"column":32},"end":{"line":219,"column":41}},"110":{"start":{"line":222,"column":24},"end":{"line":222,"column":66}},"111":{"start":{"line":222,"column":56},"end":{"line":222,"column":66}},"112":{"start":{"line":225,"column":16},"end":{"line":233,"column":19}},"113":{"start":{"line":226,"column":20},"end":{"line":232,"column":23}},"114":{"start":{"line":235,"column":17},"end":{"line":241,"column":15}},"115":{"start":{"line":244,"column":9},"end":{"line":244,"column":81}},"116":{"start":{"line":247,"column":0},"end":{"line":259,"column":3}},"117":{"start":{"line":248,"column":4},"end":{"line":258,"column":81}},"118":{"start":{"line":249,"column":8},"end":{"line":256,"column":9}},"119":{"start":{"line":250,"column":32},"end":{"line":251,"column":45}},"120":{"start":{"line":252,"column":32},"end":{"line":252,"column":82}},"121":{"start":{"line":253,"column":12},"end":{"line":253,"column":127}},"122":{"start":{"line":255,"column":12},"end":{"line":255,"column":116}},"123":{"start":{"line":258,"column":9},"end":{"line":258,"column":81}},"124":{"start":{"line":261,"column":0},"end":{"line":280,"column":3}},"125":{"start":{"line":262,"column":4},"end":{"line":279,"column":81}},"126":{"start":{"line":267,"column":8},"end":{"line":277,"column":11}},"127":{"start":{"line":268,"column":12},"end":{"line":276,"column":13}},"128":{"start":{"line":269,"column":16},"end":{"line":269,"column":40}},"129":{"start":{"line":270,"column":16},"end":{"line":270,"column":69}},"130":{"start":{"line":273,"column":31},"end":{"line":273,"column":110}},"131":{"start":{"line":274,"column":16},"end":{"line":275,"column":92}},"132":{"start":{"line":274,"column":48},"end":{"line":274,"column":125}},"133":{"start":{"line":275,"column":21},"end":{"line":275,"column":92}},"134":{"start":{"line":279,"column":9},"end":{"line":279,"column":81}},"135":{"start":{"line":282,"column":0},"end":{"line":347,"column":3}},"136":{"start":{"line":283,"column":4},"end":{"line":346,"column":81}},"137":{"start":{"line":285,"column":23},"end":{"line":285,"column":72}},"138":{"start":{"line":286,"column":8},"end":{"line":344,"column":84}},"139":{"start":{"line":288,"column":33},"end":{"line":288,"column":44}},"140":{"start":{"line":289,"column":32},"end":{"line":289,"column":42}},"141":{"start":{"line":291,"column":30},"end":{"line":291,"column":86}},"142":{"start":{"line":292,"column":12},"end":{"line":342,"column":13}},"143":{"start":{"line":293,"column":16},"end":{"line":336,"column":19}},"144":{"start":{"line":294,"column":20},"end":{"line":335,"column":148}},"145":{"start":{"line":296,"column":44},"end":{"line":296,"column":49}},"146":{"start":{"line":297,"column":24},"end":{"line":302,"column":27}},"147":{"start":{"line":298,"column":28},"end":{"line":301,"column":29}},"148":{"start":{"line":299,"column":32},"end":{"line":299,"column":53}},"149":{"start":{"line":300,"column":32},"end":{"line":300,"column":39}},"150":{"start":{"line":303,"column":24},"end":{"line":329,"column":25}},"151":{"start":{"line":304,"column":49},"end":{"line":304,"column":157}},"152":{"start":{"line":305,"column":28},"end":{"line":325,"column":143}},"153":{"start":{"line":307,"column":32},"end":{"line":323,"column":33}},"154":{"start":{"line":308,"column":36},"end":{"line":308,"column":51}},"155":{"start":{"line":309,"column":36},"end":{"line":317,"column":37}},"156":{"start":{"line":310,"column":56},"end":{"line":310,"column":97}},"157":{"start":{"line":311,"column":40},"end":{"line":316,"column":199}},"158":{"start":{"line":312,"column":57},"end":{"line":312,"column":146}},"159":{"start":{"line":313,"column":44},"end":{"line":314,"column":146}},"160":{"start":{"line":313,"column":74},"end":{"line":313,"column":173}},"161":{"start":{"line":314,"column":49},"end":{"line":314,"column":146}},"162":{"start":{"line":316,"column":45},"end":{"line":316,"column":199}},"163":{"start":{"line":320,"column":49},"end":{"line":320,"column":138}},"164":{"start":{"line":321,"column":36},"end":{"line":322,"column":138}},"165":{"start":{"line":321,"column":66},"end":{"line":321,"column":165}},"166":{"start":{"line":322,"column":41},"end":{"line":322,"column":138}},"167":{"start":{"line":325,"column":33},"end":{"line":325,"column":143}},"168":{"start":{"line":328,"column":28},"end":{"line":328,"column":132}},"169":{"start":{"line":331,"column":25},"end":{"line":335,"column":148}},"170":{"start":{"line":332,"column":24},"end":{"line":332,"column":48}},"171":{"start":{"line":333,"column":24},"end":{"line":333,"column":77}},"172":{"start":{"line":335,"column":25},"end":{"line":335,"column":148}},"173":{"start":{"line":335,"column":67},"end":{"line":335,"column":148}},"174":{"start":{"line":339,"column":32},"end":{"line":339,"column":84}},"175":{"start":{"line":340,"column":16},"end":{"line":341,"column":118}},"176":{"start":{"line":340,"column":48},"end":{"line":340,"column":120}},"177":{"start":{"line":341,"column":21},"end":{"line":341,"column":118}},"178":{"start":{"line":344,"column":13},"end":{"line":344,"column":84}},"179":{"start":{"line":346,"column":9},"end":{"line":346,"column":81}},"180":{"start":{"line":349,"column":0},"end":{"line":362,"column":3}},"181":{"start":{"line":350,"column":4},"end":{"line":361,"column":81}},"182":{"start":{"line":351,"column":28},"end":{"line":351,"column":137}},"183":{"start":{"line":352,"column":8},"end":{"line":359,"column":123}},"184":{"start":{"line":353,"column":25},"end":{"line":353,"column":134}},"185":{"start":{"line":354,"column":12},"end":{"line":357,"column":118}},"186":{"start":{"line":355,"column":16},"end":{"line":355,"column":86}},"187":{"start":{"line":357,"column":17},"end":{"line":357,"column":118}},"188":{"start":{"line":359,"column":13},"end":{"line":359,"column":123}},"189":{"start":{"line":361,"column":9},"end":{"line":361,"column":81}},"190":{"start":{"line":364,"column":0},"end":{"line":391,"column":3}},"191":{"start":{"line":365,"column":4},"end":{"line":390,"column":85}},"192":{"start":{"line":369,"column":12},"end":{"line":388,"column":13}},"193":{"start":{"line":370,"column":36},"end":{"line":370,"column":86}},"194":{"start":{"line":371,"column":33},"end":{"line":371,"column":69}},"195":{"start":{"line":372,"column":16},"end":{"line":379,"column":17}},"196":{"start":{"line":373,"column":20},"end":{"line":378,"column":23}},"197":{"start":{"line":374,"column":24},"end":{"line":377,"column":25}},"198":{"start":{"line":375,"column":28},"end":{"line":375,"column":46}},"199":{"start":{"line":376,"column":28},"end":{"line":376,"column":35}},"200":{"start":{"line":380,"column":16},"end":{"line":385,"column":119}},"201":{"start":{"line":381,"column":47},"end":{"line":381,"column":106}},"202":{"start":{"line":382,"column":41},"end":{"line":382,"column":151}},"203":{"start":{"line":383,"column":20},"end":{"line":383,"column":79}},"204":{"start":{"line":385,"column":21},"end":{"line":385,"column":119}},"205":{"start":{"line":387,"column":16},"end":{"line":387,"column":121}},"206":{"start":{"line":390,"column":13},"end":{"line":390,"column":85}},"207":{"start":{"line":393,"column":0},"end":{"line":417,"column":3}},"208":{"start":{"line":394,"column":4},"end":{"line":416,"column":81}},"209":{"start":{"line":395,"column":8},"end":{"line":414,"column":11}},"210":{"start":{"line":396,"column":12},"end":{"line":413,"column":125}},"211":{"start":{"line":397,"column":16},"end":{"line":397,"column":40}},"212":{"start":{"line":398,"column":16},"end":{"line":398,"column":69}},"213":{"start":{"line":400,"column":17},"end":{"line":413,"column":125}},"214":{"start":{"line":401,"column":16},"end":{"line":411,"column":19}},"215":{"start":{"line":402,"column":20},"end":{"line":410,"column":21}},"216":{"start":{"line":403,"column":24},"end":{"line":403,"column":48}},"217":{"start":{"line":404,"column":24},"end":{"line":404,"column":77}},"218":{"start":{"line":407,"column":39},"end":{"line":407,"column":105}},"219":{"start":{"line":408,"column":24},"end":{"line":409,"column":125}},"220":{"start":{"line":408,"column":56},"end":{"line":408,"column":114}},"221":{"start":{"line":409,"column":29},"end":{"line":409,"column":125}},"222":{"start":{"line":413,"column":17},"end":{"line":413,"column":125}},"223":{"start":{"line":416,"column":9},"end":{"line":416,"column":81}},"224":{"start":{"line":419,"column":0},"end":{"line":419,"column":24}}},"fnMap":{"0":{"name":"createInvite","decl":{"start":{"line":10,"column":15},"end":{"line":10,"column":27}},"loc":{"start":{"line":10,"column":61},"end":{"line":36,"column":1}},"line":10},"1":{"name":"(anonymous_1)","decl":{"start":{"line":38,"column":31},"end":{"line":38,"column":32}},"loc":{"start":{"line":38,"column":51},"end":{"line":89,"column":1}},"line":38},"2":{"name":"(anonymous_2)","decl":{"start":{"line":49,"column":8},"end":{"line":49,"column":9}},"loc":{"start":{"line":49,"column":36},"end":{"line":86,"column":9}},"line":49},"3":{"name":"(anonymous_3)","decl":{"start":{"line":70,"column":16},"end":{"line":70,"column":17}},"loc":{"start":{"line":70,"column":37},"end":{"line":83,"column":17}},"line":70},"4":{"name":"(anonymous_4)","decl":{"start":{"line":91,"column":39},"end":{"line":91,"column":40}},"loc":{"start":{"line":91,"column":59},"end":{"line":124,"column":1}},"line":91},"5":{"name":"(anonymous_5)","decl":{"start":{"line":100,"column":43},"end":{"line":100,"column":44}},"loc":{"start":{"line":100,"column":54},"end":{"line":105,"column":17}},"line":100},"6":{"name":"(anonymous_6)","decl":{"start":{"line":126,"column":33},"end":{"line":126,"column":34}},"loc":{"start":{"line":126,"column":53},"end":{"line":158,"column":1}},"line":126},"7":{"name":"(anonymous_7)","decl":{"start":{"line":130,"column":54},"end":{"line":130,"column":55}},"loc":{"start":{"line":130,"column":76},"end":{"line":155,"column":9}},"line":130},"8":{"name":"(anonymous_8)","decl":{"start":{"line":144,"column":47},"end":{"line":144,"column":48}},"loc":{"start":{"line":144,"column":58},"end":{"line":149,"column":21}},"line":144},"9":{"name":"(anonymous_9)","decl":{"start":{"line":163,"column":29},"end":{"line":163,"column":30}},"loc":{"start":{"line":163,"column":49},"end":{"line":245,"column":1}},"line":163},"10":{"name":"(anonymous_10)","decl":{"start":{"line":168,"column":57},"end":{"line":168,"column":58}},"loc":{"start":{"line":168,"column":86},"end":{"line":242,"column":9}},"line":168},"11":{"name":"(anonymous_11)","decl":{"start":{"line":174,"column":44},"end":{"line":174,"column":45}},"loc":{"start":{"line":174,"column":65},"end":{"line":224,"column":17}},"line":174},"12":{"name":"(anonymous_12)","decl":{"start":{"line":175,"column":41},"end":{"line":175,"column":42}},"loc":{"start":{"line":175,"column":78},"end":{"line":223,"column":21}},"line":175},"13":{"name":"(anonymous_13)","decl":{"start":{"line":183,"column":55},"end":{"line":183,"column":56}},"loc":{"start":{"line":183,"column":66},"end":{"line":188,"column":29}},"line":183},"14":{"name":"(anonymous_14)","decl":{"start":{"line":193,"column":87},"end":{"line":193,"column":88}},"loc":{"start":{"line":193,"column":111},"end":{"line":210,"column":29}},"line":193},"15":{"name":"(anonymous_15)","decl":{"start":{"line":200,"column":58},"end":{"line":200,"column":59}},"loc":{"start":{"line":200,"column":73},"end":{"line":208,"column":37}},"line":200},"16":{"name":"(anonymous_16)","decl":{"start":{"line":225,"column":29},"end":{"line":225,"column":30}},"loc":{"start":{"line":225,"column":33},"end":{"line":233,"column":17}},"line":225},"17":{"name":"(anonymous_17)","decl":{"start":{"line":247,"column":31},"end":{"line":247,"column":32}},"loc":{"start":{"line":247,"column":51},"end":{"line":259,"column":1}},"line":247},"18":{"name":"(anonymous_18)","decl":{"start":{"line":261,"column":38},"end":{"line":261,"column":39}},"loc":{"start":{"line":261,"column":58},"end":{"line":280,"column":1}},"line":261},"19":{"name":"(anonymous_19)","decl":{"start":{"line":267,"column":53},"end":{"line":267,"column":54}},"loc":{"start":{"line":267,"column":81},"end":{"line":277,"column":9}},"line":267},"20":{"name":"(anonymous_20)","decl":{"start":{"line":282,"column":29},"end":{"line":282,"column":30}},"loc":{"start":{"line":282,"column":49},"end":{"line":347,"column":1}},"line":282},"21":{"name":"(anonymous_21)","decl":{"start":{"line":293,"column":61},"end":{"line":293,"column":62}},"loc":{"start":{"line":293,"column":89},"end":{"line":336,"column":17}},"line":293},"22":{"name":"(anonymous_22)","decl":{"start":{"line":297,"column":50},"end":{"line":297,"column":51}},"loc":{"start":{"line":297,"column":58},"end":{"line":302,"column":25}},"line":297},"23":{"name":"(anonymous_23)","decl":{"start":{"line":349,"column":30},"end":{"line":349,"column":31}},"loc":{"start":{"line":349,"column":50},"end":{"line":362,"column":1}},"line":349},"24":{"name":"(anonymous_24)","decl":{"start":{"line":364,"column":39},"end":{"line":364,"column":40}},"loc":{"start":{"line":364,"column":59},"end":{"line":391,"column":1}},"line":364},"25":{"name":"(anonymous_25)","decl":{"start":{"line":373,"column":47},"end":{"line":373,"column":48}},"loc":{"start":{"line":373,"column":56},"end":{"line":378,"column":21}},"line":373},"26":{"name":"(anonymous_26)","decl":{"start":{"line":393,"column":31},"end":{"line":393,"column":32}},"loc":{"start":{"line":393,"column":51},"end":{"line":417,"column":1}},"line":393},"27":{"name":"(anonymous_27)","decl":{"start":{"line":395,"column":53},"end":{"line":395,"column":54}},"loc":{"start":{"line":395,"column":75},"end":{"line":414,"column":9}},"line":395},"28":{"name":"(anonymous_28)","decl":{"start":{"line":401,"column":70},"end":{"line":401,"column":71}},"loc":{"start":{"line":401,"column":98},"end":{"line":411,"column":17}},"line":401}},"branchMap":{"0":{"loc":{"start":{"line":14,"column":4},"end":{"line":21,"column":5}},"type":"if","locations":[{"start":{"line":14,"column":4},"end":{"line":21,"column":5}},{"start":{"line":14,"column":4},"end":{"line":21,"column":5}}],"line":14},"1":{"loc":{"start":{"line":30,"column":19},"end":{"line":30,"column":50}},"type":"cond-expr","locations":[{"start":{"line":30,"column":33},"end":{"line":30,"column":38}},{"start":{"line":30,"column":41},"end":{"line":30,"column":50}}],"line":30},"2":{"loc":{"start":{"line":39,"column":4},"end":{"line":88,"column":81}},"type":"if","locations":[{"start":{"line":39,"column":4},"end":{"line":88,"column":81}},{"start":{"line":39,"column":4},"end":{"line":88,"column":81}}],"line":39},"3":{"loc":{"start":{"line":39,"column":8},"end":{"line":41,"column":23}},"type":"binary-expr","locations":[{"start":{"line":39,"column":8},"end":{"line":39,"column":34}},{"start":{"line":40,"column":8},"end":{"line":40,"column":21}},{"start":{"line":41,"column":8},"end":{"line":41,"column":23}}],"line":39},"4":{"loc":{"start":{"line":50,"column":12},"end":{"line":85,"column":123}},"type":"if","locations":[{"start":{"line":50,"column":12},"end":{"line":85,"column":123}},{"start":{"line":50,"column":12},"end":{"line":85,"column":123}}],"line":50},"5":{"loc":{"start":{"line":54,"column":17},"end":{"line":85,"column":123}},"type":"if","locations":[{"start":{"line":54,"column":17},"end":{"line":85,"column":123}},{"start":{"line":54,"column":17},"end":{"line":85,"column":123}}],"line":54},"6":{"loc":{"start":{"line":71,"column":20},"end":{"line":82,"column":122}},"type":"if","locations":[{"start":{"line":71,"column":20},"end":{"line":82,"column":122}},{"start":{"line":71,"column":20},"end":{"line":82,"column":122}}],"line":71},"7":{"loc":{"start":{"line":75,"column":25},"end":{"line":82,"column":122}},"type":"if","locations":[{"start":{"line":75,"column":25},"end":{"line":82,"column":122}},{"start":{"line":75,"column":25},"end":{"line":82,"column":122}}],"line":75},"8":{"loc":{"start":{"line":92,"column":4},"end":{"line":123,"column":81}},"type":"if","locations":[{"start":{"line":92,"column":4},"end":{"line":123,"column":81}},{"start":{"line":92,"column":4},"end":{"line":123,"column":81}}],"line":92},"9":{"loc":{"start":{"line":92,"column":8},"end":{"line":95,"column":30}},"type":"binary-expr","locations":[{"start":{"line":92,"column":8},"end":{"line":92,"column":42}},{"start":{"line":93,"column":8},"end":{"line":93,"column":21}},{"start":{"line":94,"column":8},"end":{"line":94,"column":23}},{"start":{"line":95,"column":8},"end":{"line":95,"column":30}}],"line":92},"10":{"loc":{"start":{"line":99,"column":12},"end":{"line":106,"column":13}},"type":"if","locations":[{"start":{"line":99,"column":12},"end":{"line":106,"column":13}},{"start":{"line":99,"column":12},"end":{"line":106,"column":13}}],"line":99},"11":{"loc":{"start":{"line":101,"column":20},"end":{"line":104,"column":21}},"type":"if","locations":[{"start":{"line":101,"column":20},"end":{"line":104,"column":21}},{"start":{"line":101,"column":20},"end":{"line":104,"column":21}}],"line":101},"12":{"loc":{"start":{"line":107,"column":12},"end":{"line":117,"column":115}},"type":"if","locations":[{"start":{"line":107,"column":12},"end":{"line":117,"column":115}},{"start":{"line":107,"column":12},"end":{"line":117,"column":115}}],"line":107},"13":{"loc":{"start":{"line":127,"column":4},"end":{"line":157,"column":110}},"type":"if","locations":[{"start":{"line":127,"column":4},"end":{"line":157,"column":110}},{"start":{"line":127,"column":4},"end":{"line":157,"column":110}}],"line":127},"14":{"loc":{"start":{"line":127,"column":8},"end":{"line":129,"column":23}},"type":"binary-expr","locations":[{"start":{"line":127,"column":8},"end":{"line":127,"column":36}},{"start":{"line":128,"column":8},"end":{"line":128,"column":30}},{"start":{"line":129,"column":8},"end":{"line":129,"column":23}}],"line":127},"15":{"loc":{"start":{"line":131,"column":12},"end":{"line":154,"column":99}},"type":"if","locations":[{"start":{"line":131,"column":12},"end":{"line":154,"column":99}},{"start":{"line":131,"column":12},"end":{"line":154,"column":99}}],"line":131},"16":{"loc":{"start":{"line":135,"column":17},"end":{"line":154,"column":99}},"type":"if","locations":[{"start":{"line":135,"column":17},"end":{"line":154,"column":99}},{"start":{"line":135,"column":17},"end":{"line":154,"column":99}}],"line":135},"17":{"loc":{"start":{"line":141,"column":16},"end":{"line":150,"column":17}},"type":"if","locations":[{"start":{"line":141,"column":16},"end":{"line":150,"column":17}},{"start":{"line":141,"column":16},"end":{"line":150,"column":17}}],"line":141},"18":{"loc":{"start":{"line":143,"column":21},"end":{"line":150,"column":17}},"type":"if","locations":[{"start":{"line":143,"column":21},"end":{"line":150,"column":17}},{"start":{"line":143,"column":21},"end":{"line":150,"column":17}}],"line":143},"19":{"loc":{"start":{"line":145,"column":24},"end":{"line":148,"column":25}},"type":"if","locations":[{"start":{"line":145,"column":24},"end":{"line":148,"column":25}},{"start":{"line":145,"column":24},"end":{"line":148,"column":25}}],"line":145},"20":{"loc":{"start":{"line":164,"column":4},"end":{"line":244,"column":81}},"type":"if","locations":[{"start":{"line":164,"column":4},"end":{"line":244,"column":81}},{"start":{"line":164,"column":4},"end":{"line":244,"column":81}}],"line":164},"21":{"loc":{"start":{"line":164,"column":8},"end":{"line":164,"column":51}},"type":"binary-expr","locations":[{"start":{"line":164,"column":8},"end":{"line":164,"column":32}},{"start":{"line":164,"column":36},"end":{"line":164,"column":51}}],"line":164},"22":{"loc":{"start":{"line":169,"column":12},"end":{"line":241,"column":15}},"type":"if","locations":[{"start":{"line":169,"column":12},"end":{"line":241,"column":15}},{"start":{"line":169,"column":12},"end":{"line":241,"column":15}}],"line":169},"23":{"loc":{"start":{"line":173,"column":17},"end":{"line":241,"column":15}},"type":"if","locations":[{"start":{"line":173,"column":17},"end":{"line":241,"column":15}},{"start":{"line":173,"column":17},"end":{"line":241,"column":15}}],"line":173},"24":{"loc":{"start":{"line":179,"column":35},"end":{"line":179,"column":92}},"type":"cond-expr","locations":[{"start":{"line":179,"column":76},"end":{"line":179,"column":80}},{"start":{"line":179,"column":83},"end":{"line":179,"column":92}}],"line":179},"25":{"loc":{"start":{"line":182,"column":24},"end":{"line":189,"column":25}},"type":"if","locations":[{"start":{"line":182,"column":24},"end":{"line":189,"column":25}},{"start":{"line":182,"column":24},"end":{"line":189,"column":25}}],"line":182},"26":{"loc":{"start":{"line":184,"column":32},"end":{"line":187,"column":33}},"type":"if","locations":[{"start":{"line":184,"column":32},"end":{"line":187,"column":33}},{"start":{"line":184,"column":32},"end":{"line":187,"column":33}}],"line":184},"27":{"loc":{"start":{"line":192,"column":24},"end":{"line":211,"column":25}},"type":"if","locations":[{"start":{"line":192,"column":24},"end":{"line":211,"column":25}},{"start":{"line":192,"column":24},"end":{"line":211,"column":25}}],"line":192},"28":{"loc":{"start":{"line":194,"column":32},"end":{"line":209,"column":33}},"type":"if","locations":[{"start":{"line":194,"column":32},"end":{"line":209,"column":33}},{"start":{"line":194,"column":32},"end":{"line":209,"column":33}}],"line":194},"29":{"loc":{"start":{"line":199,"column":37},"end":{"line":209,"column":33}},"type":"if","locations":[{"start":{"line":199,"column":37},"end":{"line":209,"column":33}},{"start":{"line":199,"column":37},"end":{"line":209,"column":33}}],"line":199},"30":{"loc":{"start":{"line":212,"column":24},"end":{"line":221,"column":25}},"type":"if","locations":[{"start":{"line":212,"column":24},"end":{"line":221,"column":25}},{"start":{"line":212,"column":24},"end":{"line":221,"column":25}}],"line":212},"31":{"loc":{"start":{"line":214,"column":28},"end":{"line":220,"column":29}},"type":"if","locations":[{"start":{"line":214,"column":28},"end":{"line":220,"column":29}},{"start":{"line":214,"column":28},"end":{"line":220,"column":29}}],"line":214},"32":{"loc":{"start":{"line":215,"column":32},"end":{"line":215,"column":98}},"type":"if","locations":[{"start":{"line":215,"column":32},"end":{"line":215,"column":98}},{"start":{"line":215,"column":32},"end":{"line":215,"column":98}}],"line":215},"33":{"loc":{"start":{"line":222,"column":24},"end":{"line":222,"column":66}},"type":"if","locations":[{"start":{"line":222,"column":24},"end":{"line":222,"column":66}},{"start":{"line":222,"column":24},"end":{"line":222,"column":66}}],"line":222},"34":{"loc":{"start":{"line":230,"column":38},"end":{"line":230,"column":89}},"type":"cond-expr","locations":[{"start":{"line":230,"column":65},"end":{"line":230,"column":77}},{"start":{"line":230,"column":80},"end":{"line":230,"column":89}}],"line":230},"35":{"loc":{"start":{"line":231,"column":37},"end":{"line":231,"column":86}},"type":"cond-expr","locations":[{"start":{"line":231,"column":63},"end":{"line":231,"column":74}},{"start":{"line":231,"column":77},"end":{"line":231,"column":86}}],"line":231},"36":{"loc":{"start":{"line":239,"column":30},"end":{"line":239,"column":71}},"type":"cond-expr","locations":[{"start":{"line":239,"column":57},"end":{"line":239,"column":59}},{"start":{"line":239,"column":62},"end":{"line":239,"column":71}}],"line":239},"37":{"loc":{"start":{"line":240,"column":29},"end":{"line":240,"column":69}},"type":"cond-expr","locations":[{"start":{"line":240,"column":55},"end":{"line":240,"column":57}},{"start":{"line":240,"column":60},"end":{"line":240,"column":69}}],"line":240},"38":{"loc":{"start":{"line":248,"column":4},"end":{"line":258,"column":81}},"type":"if","locations":[{"start":{"line":248,"column":4},"end":{"line":258,"column":81}},{"start":{"line":248,"column":4},"end":{"line":258,"column":81}}],"line":248},"39":{"loc":{"start":{"line":248,"column":8},"end":{"line":248,"column":79}},"type":"binary-expr","locations":[{"start":{"line":248,"column":8},"end":{"line":248,"column":34}},{"start":{"line":248,"column":38},"end":{"line":248,"column":53}},{"start":{"line":248,"column":57},"end":{"line":248,"column":79}}],"line":248},"40":{"loc":{"start":{"line":253,"column":79},"end":{"line":253,"column":123}},"type":"binary-expr","locations":[{"start":{"line":253,"column":79},"end":{"line":253,"column":99}},{"start":{"line":253,"column":103},"end":{"line":253,"column":123}}],"line":253},"41":{"loc":{"start":{"line":262,"column":4},"end":{"line":279,"column":81}},"type":"if","locations":[{"start":{"line":262,"column":4},"end":{"line":279,"column":81}},{"start":{"line":262,"column":4},"end":{"line":279,"column":81}}],"line":262},"42":{"loc":{"start":{"line":262,"column":8},"end":{"line":266,"column":25}},"type":"binary-expr","locations":[{"start":{"line":262,"column":8},"end":{"line":262,"column":41}},{"start":{"line":263,"column":11},"end":{"line":263,"column":26}},{"start":{"line":264,"column":11},"end":{"line":264,"column":33}},{"start":{"line":265,"column":11},"end":{"line":265,"column":30}},{"start":{"line":266,"column":11},"end":{"line":266,"column":25}}],"line":262},"43":{"loc":{"start":{"line":268,"column":12},"end":{"line":276,"column":13}},"type":"if","locations":[{"start":{"line":268,"column":12},"end":{"line":276,"column":13}},{"start":{"line":268,"column":12},"end":{"line":276,"column":13}}],"line":268},"44":{"loc":{"start":{"line":274,"column":16},"end":{"line":275,"column":92}},"type":"if","locations":[{"start":{"line":274,"column":16},"end":{"line":275,"column":92}},{"start":{"line":274,"column":16},"end":{"line":275,"column":92}}],"line":274},"45":{"loc":{"start":{"line":283,"column":4},"end":{"line":346,"column":81}},"type":"if","locations":[{"start":{"line":283,"column":4},"end":{"line":346,"column":81}},{"start":{"line":283,"column":4},"end":{"line":346,"column":81}}],"line":283},"46":{"loc":{"start":{"line":283,"column":8},"end":{"line":283,"column":74}},"type":"binary-expr","locations":[{"start":{"line":283,"column":8},"end":{"line":283,"column":32}},{"start":{"line":283,"column":36},"end":{"line":283,"column":51}},{"start":{"line":283,"column":55},"end":{"line":283,"column":74}}],"line":283},"47":{"loc":{"start":{"line":286,"column":8},"end":{"line":344,"column":84}},"type":"if","locations":[{"start":{"line":286,"column":8},"end":{"line":344,"column":84}},{"start":{"line":286,"column":8},"end":{"line":344,"column":84}}],"line":286},"48":{"loc":{"start":{"line":292,"column":12},"end":{"line":342,"column":13}},"type":"if","locations":[{"start":{"line":292,"column":12},"end":{"line":342,"column":13}},{"start":{"line":292,"column":12},"end":{"line":342,"column":13}}],"line":292},"49":{"loc":{"start":{"line":292,"column":16},"end":{"line":292,"column":95}},"type":"binary-expr","locations":[{"start":{"line":292,"column":16},"end":{"line":292,"column":38}},{"start":{"line":292,"column":43},"end":{"line":292,"column":72}},{"start":{"line":292,"column":76},"end":{"line":292,"column":94}}],"line":292},"50":{"loc":{"start":{"line":294,"column":20},"end":{"line":335,"column":148}},"type":"if","locations":[{"start":{"line":294,"column":20},"end":{"line":335,"column":148}},{"start":{"line":294,"column":20},"end":{"line":335,"column":148}}],"line":294},"51":{"loc":{"start":{"line":298,"column":28},"end":{"line":301,"column":29}},"type":"if","locations":[{"start":{"line":298,"column":28},"end":{"line":301,"column":29}},{"start":{"line":298,"column":28},"end":{"line":301,"column":29}}],"line":298},"52":{"loc":{"start":{"line":303,"column":24},"end":{"line":329,"column":25}},"type":"if","locations":[{"start":{"line":303,"column":24},"end":{"line":329,"column":25}},{"start":{"line":303,"column":24},"end":{"line":329,"column":25}}],"line":303},"53":{"loc":{"start":{"line":305,"column":28},"end":{"line":325,"column":143}},"type":"if","locations":[{"start":{"line":305,"column":28},"end":{"line":325,"column":143}},{"start":{"line":305,"column":28},"end":{"line":325,"column":143}}],"line":305},"54":{"loc":{"start":{"line":307,"column":32},"end":{"line":323,"column":33}},"type":"if","locations":[{"start":{"line":307,"column":32},"end":{"line":323,"column":33}},{"start":{"line":307,"column":32},"end":{"line":323,"column":33}}],"line":307},"55":{"loc":{"start":{"line":309,"column":36},"end":{"line":317,"column":37}},"type":"if","locations":[{"start":{"line":309,"column":36},"end":{"line":317,"column":37}},{"start":{"line":309,"column":36},"end":{"line":317,"column":37}}],"line":309},"56":{"loc":{"start":{"line":311,"column":40},"end":{"line":316,"column":199}},"type":"if","locations":[{"start":{"line":311,"column":40},"end":{"line":316,"column":199}},{"start":{"line":311,"column":40},"end":{"line":316,"column":199}}],"line":311},"57":{"loc":{"start":{"line":313,"column":44},"end":{"line":314,"column":146}},"type":"if","locations":[{"start":{"line":313,"column":44},"end":{"line":314,"column":146}},{"start":{"line":313,"column":44},"end":{"line":314,"column":146}}],"line":313},"58":{"loc":{"start":{"line":321,"column":36},"end":{"line":322,"column":138}},"type":"if","locations":[{"start":{"line":321,"column":36},"end":{"line":322,"column":138}},{"start":{"line":321,"column":36},"end":{"line":322,"column":138}}],"line":321},"59":{"loc":{"start":{"line":331,"column":25},"end":{"line":335,"column":148}},"type":"if","locations":[{"start":{"line":331,"column":25},"end":{"line":335,"column":148}},{"start":{"line":331,"column":25},"end":{"line":335,"column":148}}],"line":331},"60":{"loc":{"start":{"line":335,"column":25},"end":{"line":335,"column":148}},"type":"if","locations":[{"start":{"line":335,"column":25},"end":{"line":335,"column":148}},{"start":{"line":335,"column":25},"end":{"line":335,"column":148}}],"line":335},"61":{"loc":{"start":{"line":335,"column":29},"end":{"line":335,"column":65}},"type":"binary-expr","locations":[{"start":{"line":335,"column":29},"end":{"line":335,"column":49}},{"start":{"line":335,"column":53},"end":{"line":335,"column":65}}],"line":335},"62":{"loc":{"start":{"line":340,"column":16},"end":{"line":341,"column":118}},"type":"if","locations":[{"start":{"line":340,"column":16},"end":{"line":341,"column":118}},{"start":{"line":340,"column":16},"end":{"line":341,"column":118}}],"line":340},"63":{"loc":{"start":{"line":350,"column":4},"end":{"line":361,"column":81}},"type":"if","locations":[{"start":{"line":350,"column":4},"end":{"line":361,"column":81}},{"start":{"line":350,"column":4},"end":{"line":361,"column":81}}],"line":350},"64":{"loc":{"start":{"line":350,"column":8},"end":{"line":350,"column":78}},"type":"binary-expr","locations":[{"start":{"line":350,"column":8},"end":{"line":350,"column":33}},{"start":{"line":350,"column":37},"end":{"line":350,"column":59}},{"start":{"line":350,"column":63},"end":{"line":350,"column":78}}],"line":350},"65":{"loc":{"start":{"line":352,"column":8},"end":{"line":359,"column":123}},"type":"if","locations":[{"start":{"line":352,"column":8},"end":{"line":359,"column":123}},{"start":{"line":352,"column":8},"end":{"line":359,"column":123}}],"line":352},"66":{"loc":{"start":{"line":354,"column":12},"end":{"line":357,"column":118}},"type":"if","locations":[{"start":{"line":354,"column":12},"end":{"line":357,"column":118}},{"start":{"line":354,"column":12},"end":{"line":357,"column":118}}],"line":354},"67":{"loc":{"start":{"line":365,"column":4},"end":{"line":390,"column":85}},"type":"if","locations":[{"start":{"line":365,"column":4},"end":{"line":390,"column":85}},{"start":{"line":365,"column":4},"end":{"line":390,"column":85}}],"line":365},"68":{"loc":{"start":{"line":365,"column":8},"end":{"line":368,"column":23}},"type":"binary-expr","locations":[{"start":{"line":365,"column":8},"end":{"line":365,"column":42}},{"start":{"line":366,"column":8},"end":{"line":366,"column":30}},{"start":{"line":367,"column":8},"end":{"line":367,"column":30}},{"start":{"line":368,"column":8},"end":{"line":368,"column":23}}],"line":365},"69":{"loc":{"start":{"line":372,"column":16},"end":{"line":379,"column":17}},"type":"if","locations":[{"start":{"line":372,"column":16},"end":{"line":379,"column":17}},{"start":{"line":372,"column":16},"end":{"line":379,"column":17}}],"line":372},"70":{"loc":{"start":{"line":374,"column":24},"end":{"line":377,"column":25}},"type":"if","locations":[{"start":{"line":374,"column":24},"end":{"line":377,"column":25}},{"start":{"line":374,"column":24},"end":{"line":377,"column":25}}],"line":374},"71":{"loc":{"start":{"line":380,"column":16},"end":{"line":385,"column":119}},"type":"if","locations":[{"start":{"line":380,"column":16},"end":{"line":385,"column":119}},{"start":{"line":380,"column":16},"end":{"line":385,"column":119}}],"line":380},"72":{"loc":{"start":{"line":394,"column":4},"end":{"line":416,"column":81}},"type":"if","locations":[{"start":{"line":394,"column":4},"end":{"line":416,"column":81}},{"start":{"line":394,"column":4},"end":{"line":416,"column":81}}],"line":394},"73":{"loc":{"start":{"line":394,"column":8},"end":{"line":394,"column":60}},"type":"binary-expr","locations":[{"start":{"line":394,"column":8},"end":{"line":394,"column":34}},{"start":{"line":394,"column":38},"end":{"line":394,"column":60}}],"line":394},"74":{"loc":{"start":{"line":396,"column":12},"end":{"line":413,"column":125}},"type":"if","locations":[{"start":{"line":396,"column":12},"end":{"line":413,"column":125}},{"start":{"line":396,"column":12},"end":{"line":413,"column":125}}],"line":396},"75":{"loc":{"start":{"line":400,"column":17},"end":{"line":413,"column":125}},"type":"if","locations":[{"start":{"line":400,"column":17},"end":{"line":413,"column":125}},{"start":{"line":400,"column":17},"end":{"line":413,"column":125}}],"line":400},"76":{"loc":{"start":{"line":402,"column":20},"end":{"line":410,"column":21}},"type":"if","locations":[{"start":{"line":402,"column":20},"end":{"line":410,"column":21}},{"start":{"line":402,"column":20},"end":{"line":410,"column":21}}],"line":402},"77":{"loc":{"start":{"line":408,"column":24},"end":{"line":409,"column":125}},"type":"if","locations":[{"start":{"line":408,"column":24},"end":{"line":409,"column":125}},{"start":{"line":408,"column":24},"end":{"line":409,"column":125}}],"line":408}},"s":{"0":1,"1":1,"2":1,"3":1,"4":1,"5":1,"6":0,"7":0,"8":0,"9":0,"10":0,"11":0,"12":0,"13":0,"14":1,"15":0,"16":0,"17":0,"18":0,"19":0,"20":0,"21":0,"22":0,"23":0,"24":0,"25":0,"26":0,"27":0,"28":0,"29":0,"30":0,"31":0,"32":0,"33":0,"34":0,"35":0,"36":1,"37":0,"38":0,"39":0,"40":0,"41":0,"42":0,"43":0,"44":0,"45":0,"46":0,"47":0,"48":0,"49":0,"50":0,"51":0,"52":0,"53":0,"54":1,"55":0,"56":0,"57":0,"58":0,"59":0,"60":0,"61":0,"62":0,"63":0,"64":0,"65":0,"66":0,"67":0,"68":0,"69":0,"70":0,"71":0,"72":0,"73":0,"74":1,"75":0,"76":0,"77":0,"78":0,"79":0,"80":0,"81":0,"82":0,"83":0,"84":0,"85":0,"86":0,"87":0,"88":0,"89":0,"90":0,"91":0,"92":0,"93":0,"94":0,"95":0,"96":0,"97":0,"98":0,"99":0,"100":0,"101":0,"102":0,"103":0,"104":0,"105":0,"106":0,"107":0,"108":0,"109":0,"110":0,"111":0,"112":0,"113":0,"114":0,"115":0,"116":1,"117":0,"118":0,"119":0,"120":0,"121":0,"122":0,"123":0,"124":1,"125":0,"126":0,"127":0,"128":0,"129":0,"130":0,"131":0,"132":0,"133":0,"134":0,"135":1,"136":0,"137":0,"138":0,"139":0,"140":0,"141":0,"142":0,"143":0,"144":0,"145":0,"146":0,"147":0,"148":0,"149":0,"150":0,"151":0,"152":0,"153":0,"154":0,"155":0,"156":0,"157":0,"158":0,"159":0,"160":0,"161":0,"162":0,"163":0,"164":0,"165":0,"166":0,"167":0,"168":0,"169":0,"170":0,"171":0,"172":0,"173":0,"174":0,"175":0,"176":0,"177":0,"178":0,"179":0,"180":1,"181":0,"182":0,"183":0,"184":0,"185":0,"186":0,"187":0,"188":0,"189":0,"190":1,"191":0,"192":0,"193":0,"194":0,"195":0,"196":0,"197":0,"198":0,"199":0,"200":0,"201":0,"202":0,"203":0,"204":0,"205":0,"206":0,"207":1,"208":0,"209":0,"210":0,"211":0,"212":0,"213":0,"214":0,"215":0,"216":0,"217":0,"218":0,"219":0,"220":0,"221":0,"222":0,"223":0,"224":1},"f":{"0":0,"1":0,"2":0,"3":0,"4":0,"5":0,"6":0,"7":0,"8":0,"9":0,"10":0,"11":0,"12":0,"13":0,"14":0,"15":0,"16":0,"17":0,"18":0,"19":0,"20":0,"21":0,"22":0,"23":0,"24":0,"25":0,"26":0,"27":0,"28":0},"b":{"0":[0,0],"1":[0,0],"2":[0,0],"3":[0,0,0],"4":[0,0],"5":[0,0],"6":[0,0],"7":[0,0],"8":[0,0],"9":[0,0,0,0],"10":[0,0],"11":[0,0],"12":[0,0],"13":[0,0],"14":[0,0,0],"15":[0,0],"16":[0,0],"17":[0,0],"18":[0,0],"19":[0,0],"20":[0,0],"21":[0,0],"22":[0,0],"23":[0,0],"24":[0,0],"25":[0,0],"26":[0,0],"27":[0,0],"28":[0,0],"29":[0,0],"30":[0,0],"31":[0,0],"32":[0,0],"33":[0,0],"34":[0,0],"35":[0,0],"36":[0,0],"37":[0,0],"38":[0,0],"39":[0,0,0],"40":[0,0],"41":[0,0],"42":[0,0,0,0,0],"43":[0,0],"44":[0,0],"45":[0,0],"46":[0,0,0],"47":[0,0],"48":[0,0],"49":[0,0,0],"50":[0,0],"51":[0,0],"52":[0,0],"53":[0,0],"54":[0,0],"55":[0,0],"56":[0,0],"57":[0,0],"58":[0,0],"59":[0,0],"60":[0,0],"61":[0,0],"62":[0,0],"63":[0,0],"64":[0,0,0],"65":[0,0],"66":[0,0],"67":[0,0],"68":[0,0,0,0],"69":[0,0],"70":[0,0],"71":[0,0],"72":[0,0],"73":[0,0],"74":[0,0],"75":[0,0],"76":[0,0],"77":[0,0]},"_coverageSchema":"1a1c01bbd47fc00a2c39e90264f33305004495a9","hash":"2df8cebfadde74dfc860856bc3b6b34add8b06df"}
,"C:\\Users\\Work-School\\Budget-Discord\\servers\\app.js": {"path":"C:\\Users\\Work-School\\Budget-Discord\\servers\\app.js","statementMap":{"0":{"start":{"line":1,"column":16},"end":{"line":1,"column":34}},"1":{"start":{"line":2,"column":13},"end":{"line":2,"column":28}},"2":{"start":{"line":4,"column":12},"end":{"line":4,"column":21}},"3":{"start":{"line":7,"column":17},"end":{"line":7,"column":36}},"4":{"start":{"line":9,"column":0},"end":{"line":13,"column":3}},"5":{"start":{"line":14,"column":11},"end":{"line":14,"column":30}},"6":{"start":{"line":15,"column":0},"end":{"line":15,"column":46}},"7":{"start":{"line":15,"column":26},"end":{"line":15,"column":44}},"8":{"start":{"line":16,"column":0},"end":{"line":16,"column":60}},"9":{"start":{"line":16,"column":22},"end":{"line":16,"column":58}},"10":{"start":{"line":19,"column":18},"end":{"line":19,"column":43}},"11":{"start":{"line":20,"column":21},"end":{"line":20,"column":49}},"12":{"start":{"line":21,"column":25},"end":{"line":21,"column":60}},"13":{"start":{"line":24,"column":0},"end":{"line":29,"column":2}},"14":{"start":{"line":30,"column":0},"end":{"line":30,"column":24}},"15":{"start":{"line":33,"column":0},"end":{"line":33,"column":32}},"16":{"start":{"line":34,"column":0},"end":{"line":34,"column":38}},"17":{"start":{"line":35,"column":0},"end":{"line":35,"column":46}},"18":{"start":{"line":37,"column":0},"end":{"line":37,"column":49}},"19":{"start":{"line":39,"column":0},"end":{"line":39,"column":21}}},"fnMap":{"0":{"name":"(anonymous_0)","decl":{"start":{"line":15,"column":15},"end":{"line":15,"column":16}},"loc":{"start":{"line":15,"column":26},"end":{"line":15,"column":44}},"line":15},"1":{"name":"(anonymous_1)","decl":{"start":{"line":16,"column":16},"end":{"line":16,"column":17}},"loc":{"start":{"line":16,"column":22},"end":{"line":16,"column":58}},"line":16}},"branchMap":{},"s":{"0":1,"1":1,"2":1,"3":1,"4":1,"5":1,"6":1,"7":0,"8":1,"9":1,"10":1,"11":1,"12":1,"13":1,"14":1,"15":1,"16":1,"17":1,"18":1,"19":1},"f":{"0":0,"1":1},"b":{},"_coverageSchema":"1a1c01bbd47fc00a2c39e90264f33305004495a9","hash":"052f5a1cb3a940875436aa7acf73e758ddb0a1f7"}
}
